error: Problems running epstopdf. Check your TeX installation!
error: Problems running epstopdf. Check your TeX installation!
/home/daniel/git/2015-2_parte_1/Grafo.cpp:1116: warning: argument 'int' of command @param is not found in the argument list of Grafo::arestaPonte(int id1, int id2)
/home/daniel/git/2015-2_parte_1/Grafo.cpp:1116: warning: argument 'int' of command @param is not found in the argument list of Grafo::arestaPonte(int id1, int id2)
/home/daniel/git/2015-2_parte_1/Grafo.cpp:1116: warning: The following parameters of Grafo::arestaPonte(int id1, int id2) are not documented:
  parameter 'id1'
  parameter 'id2'
/home/daniel/git/2015-2_parte_1/Grafo.cpp:933: warning: argument 'Vertice' of command @param is not found in the argument list of Grafo::buscaFreqNoConexas(Vertice *v, int *calFre, vector< int > freqNos)
/home/daniel/git/2015-2_parte_1/Grafo.cpp:933: warning: argument 'int' of command @param is not found in the argument list of Grafo::buscaFreqNoConexas(Vertice *v, int *calFre, vector< int > freqNos)
/home/daniel/git/2015-2_parte_1/Grafo.cpp:933: warning: argument 'vector' of command @param is not found in the argument list of Grafo::buscaFreqNoConexas(Vertice *v, int *calFre, vector< int > freqNos)
/home/daniel/git/2015-2_parte_1/Grafo.cpp:933: warning: argument 'int' of command @param is not found in the argument list of Grafo::buscaFreqNoConexas(Vertice *v, int *calFre, vector< int > freqNos)
/home/daniel/git/2015-2_parte_1/Grafo.cpp:933: warning: The following parameters of Grafo::buscaFreqNoConexas(Vertice *v, int *calFre, vector< int > freqNos) are not documented:
  parameter 'v'
  parameter 'calFre'
  parameter 'freqNos'
/home/daniel/git/2015-2_parte_1/Grafo.cpp:566: warning: argument 'int' of command @param is not found in the argument list of Grafo::buscar(int subset[], int i)
/home/daniel/git/2015-2_parte_1/Grafo.cpp:566: warning: argument 'int' of command @param is not found in the argument list of Grafo::buscar(int subset[], int i)
/home/daniel/git/2015-2_parte_1/Grafo.cpp:566: warning: The following parameters of Grafo::buscar(int subset[], int i) are not documented:
  parameter 'subset'
  parameter 'i'
/home/daniel/git/2015-2_parte_1/Grafo.cpp:627: warning: argument 'int' of command @param is not found in the argument list of Grafo::ehADJ(int v, int subset[])
/home/daniel/git/2015-2_parte_1/Grafo.cpp:627: warning: argument 'int' of command @param is not found in the argument list of Grafo::ehADJ(int v, int subset[])
/home/daniel/git/2015-2_parte_1/Grafo.cpp:627: warning: The following parameters of Grafo::ehADJ(int v, int subset[]) are not documented:
  parameter 'v'
  parameter 'subset'
/home/daniel/git/2015-2_parte_1/Grafo.cpp:1213: warning: argument 'int' of command @param is not found in the argument list of Grafo::encontraNo(int id)
/home/daniel/git/2015-2_parte_1/Grafo.cpp:1213: warning: The following parameters of Grafo::encontraNo(int id) are not documented:
  parameter 'id'
/home/daniel/git/2015-2_parte_1/Grafo.cpp:767: warning: argument 'int' of command @param is not found in the argument list of Grafo::fechoTransitivoDireto(int id)
/home/daniel/git/2015-2_parte_1/Grafo.cpp:767: warning: The following parameters of Grafo::fechoTransitivoDireto(int id) are not documented:
  parameter 'id'
/home/daniel/git/2015-2_parte_1/Grafo.cpp:751: warning: argument 'int' of command @param is not found in the argument list of Grafo::fechoTransitivoIndireto(int id)
/home/daniel/git/2015-2_parte_1/Grafo.cpp:751: warning: The following parameters of Grafo::fechoTransitivoIndireto(int id) are not documented:
  parameter 'id'
/home/daniel/git/2015-2_parte_1/Grafo.cpp:1261: warning: argument 'Grafo' of command @param is not found in the argument list of Grafo::imprimeGrafo(Grafo *g)
/home/daniel/git/2015-2_parte_1/Grafo.cpp:1261: warning: The following parameters of Grafo::imprimeGrafo(Grafo *g) are not documented:
  parameter 'g'
/home/daniel/git/2015-2_parte_1/Grafo.cpp:593: warning: argument 'vector' of command @param is not found in the argument list of Grafo::Kruskal(vector< Aresta * > are)
/home/daniel/git/2015-2_parte_1/Grafo.cpp:593: warning: argument 'Aresta' of command @param is not found in the argument list of Grafo::Kruskal(vector< Aresta * > are)
/home/daniel/git/2015-2_parte_1/Grafo.cpp:593: warning: The following parameters of Grafo::Kruskal(vector< Aresta * > are) are not documented:
  parameter 'are'
/home/daniel/git/2015-2_parte_1/Grafo.cpp:1002: warning: argument 'int' of command @param is not found in the argument list of Grafo::mesmaComponenteConexa(int id1, int id2)
/home/daniel/git/2015-2_parte_1/Grafo.cpp:1002: warning: argument 'int' of command @param is not found in the argument list of Grafo::mesmaComponenteConexa(int id1, int id2)
/home/daniel/git/2015-2_parte_1/Grafo.cpp:1002: warning: The following parameters of Grafo::mesmaComponenteConexa(int id1, int id2) are not documented:
  parameter 'id1'
  parameter 'id2'
/home/daniel/git/2015-2_parte_1/Grafo.cpp:1146: warning: argument 'int' of command @param is not found in the argument list of Grafo::noArticulacao(int id)
/home/daniel/git/2015-2_parte_1/Grafo.cpp:1146: warning: The following parameters of Grafo::noArticulacao(int id) are not documented:
  parameter 'id'
/home/daniel/git/2015-2_parte_1/Grafo.cpp:1187: warning: argument 'int' of command @param is not found in the argument list of Grafo::nosSaoAdjacentes(int id1, int id2)
/home/daniel/git/2015-2_parte_1/Grafo.cpp:1187: warning: argument 'int' of command @param is not found in the argument list of Grafo::nosSaoAdjacentes(int id1, int id2)
/home/daniel/git/2015-2_parte_1/Grafo.cpp:1187: warning: The following parameters of Grafo::nosSaoAdjacentes(int id1, int id2) are not documented:
  parameter 'id1'
  parameter 'id2'
/home/daniel/git/2015-2_parte_1/Grafo.cpp:794: warning: argument 'int' of command @param is not found in the argument list of Grafo::ordenaFreBusca(vector< int > ordemC, vector< int > freqNos)
/home/daniel/git/2015-2_parte_1/Grafo.cpp:794: warning: The following parameters of Grafo::ordenaFreBusca(vector< int > ordemC, vector< int > freqNos) are not documented:
  parameter 'ordemC'
  parameter 'freqNos'
/home/daniel/git/2015-2_parte_1/Grafo.cpp:819: warning: argument 'Grafo' of command @param is not found in the argument list of Grafo::setNaoVisitado(Grafo *g)
/home/daniel/git/2015-2_parte_1/Grafo.cpp:819: warning: The following parameters of Grafo::setNaoVisitado(Grafo *g) are not documented:
  parameter 'g'
/home/daniel/git/2015-2_parte_1/Grafo.cpp:579: warning: argument 'int' of command @param is not found in the argument list of Grafo::unir(int subset[], int v1, int v2)
/home/daniel/git/2015-2_parte_1/Grafo.cpp:579: warning: argument 'int' of command @param is not found in the argument list of Grafo::unir(int subset[], int v1, int v2)
/home/daniel/git/2015-2_parte_1/Grafo.cpp:579: warning: argument 'int' of command @param is not found in the argument list of Grafo::unir(int subset[], int v1, int v2)
/home/daniel/git/2015-2_parte_1/Grafo.cpp:579: warning: The following parameters of Grafo::unir(int subset[], int v1, int v2) are not documented:
  parameter 'subset'
  parameter 'v1'
  parameter 'v2'
/home/daniel/git/2015-2_parte_1/Grafo.cpp:479: warning: argument 'int' of command @param is not found in the argument list of Grafo::vizinhacaAberta(int id)
/home/daniel/git/2015-2_parte_1/Grafo.cpp:479: warning: The following parameters of Grafo::vizinhacaAberta(int id) are not documented:
  parameter 'id'
/home/daniel/git/2015-2_parte_1/Grafo.cpp:520: warning: argument 'int' of command @param is not found in the argument list of Grafo::vizinhacaFechada(int id)
/home/daniel/git/2015-2_parte_1/Grafo.cpp:520: warning: The following parameters of Grafo::vizinhacaFechada(int id) are not documented:
  parameter 'id'
error: Problems running epstopdf. Check your TeX installation!
/home/daniel/git/2015-2_parte_1/LeituraGravacao.cpp:119: warning: argument 'char' of command @param is not found in the argument list of LeituraGravacao::gravaArquivo(char *nomArquivo, vector< vector< int > > comForteConexo)
/home/daniel/git/2015-2_parte_1/LeituraGravacao.cpp:119: warning: argument 'vector' of command @param is not found in the argument list of LeituraGravacao::gravaArquivo(char *nomArquivo, vector< vector< int > > comForteConexo)
/home/daniel/git/2015-2_parte_1/LeituraGravacao.cpp:119: warning: The following parameters of LeituraGravacao::gravaArquivo(char *nomArquivo, vector< vector< int > > comForteConexo) are not documented:
  parameter 'nomArquivo'
  parameter 'comForteConexo'
/home/daniel/git/2015-2_parte_1/LeituraGravacao.cpp:61: warning: argument 'Grafo' of command @param is not found in the argument list of LeituraGravacao::gravaArquivo(Grafo *g, char *nomArquivo, int nVertice, int nAresta, float grauMedio)
/home/daniel/git/2015-2_parte_1/LeituraGravacao.cpp:61: warning: argument 'char' of command @param is not found in the argument list of LeituraGravacao::gravaArquivo(Grafo *g, char *nomArquivo, int nVertice, int nAresta, float grauMedio)
/home/daniel/git/2015-2_parte_1/LeituraGravacao.cpp:61: warning: argument 'int' of command @param is not found in the argument list of LeituraGravacao::gravaArquivo(Grafo *g, char *nomArquivo, int nVertice, int nAresta, float grauMedio)
/home/daniel/git/2015-2_parte_1/LeituraGravacao.cpp:61: warning: argument 'int' of command @param is not found in the argument list of LeituraGravacao::gravaArquivo(Grafo *g, char *nomArquivo, int nVertice, int nAresta, float grauMedio)
/home/daniel/git/2015-2_parte_1/LeituraGravacao.cpp:61: warning: argument 'float' of command @param is not found in the argument list of LeituraGravacao::gravaArquivo(Grafo *g, char *nomArquivo, int nVertice, int nAresta, float grauMedio)
/home/daniel/git/2015-2_parte_1/LeituraGravacao.cpp:61: warning: The following parameters of LeituraGravacao::gravaArquivo(Grafo *g, char *nomArquivo, int nVertice, int nAresta, float grauMedio) are not documented:
  parameter 'g'
  parameter 'nomArquivo'
  parameter 'nVertice'
  parameter 'nAresta'
  parameter 'grauMedio'
/home/daniel/git/2015-2_parte_1/LeituraGravacao.cpp:11: warning: argument 'char' of command @param is not found in the argument list of LeituraGravacao::lerArquivo(char *ar, Grafo *gd)
/home/daniel/git/2015-2_parte_1/LeituraGravacao.cpp:11: warning: argument 'Grafo' of command @param is not found in the argument list of LeituraGravacao::lerArquivo(char *ar, Grafo *gd)
/home/daniel/git/2015-2_parte_1/LeituraGravacao.cpp:11: warning: The following parameters of LeituraGravacao::lerArquivo(char *ar, Grafo *gd) are not documented:
  parameter 'ar'
  parameter 'gd'
error: Problems running epstopdf. Check your TeX installation!
error: Problems running epstopdf. Check your TeX installation!
/home/daniel/git/2015-2_parte_1/Grafo.cpp:1312: warning: argument 'int' of command @param is not found in the argument list of Vertice::encontraAresta(int id)
/home/daniel/git/2015-2_parte_1/Grafo.cpp:1312: warning: The following parameters of Vertice::encontraAresta(int id) are not documented:
  parameter 'id'
/home/daniel/git/2015-2_parte_1/Grafo.cpp:1298: warning: argument 'int' of command @param is not found in the argument list of Vertice::existeAresta(int id)
/home/daniel/git/2015-2_parte_1/Grafo.cpp:1298: warning: The following parameters of Vertice::existeAresta(int id) are not documented:
  parameter 'id'
/home/daniel/git/2015-2_parte_1/Grafo.cpp:1329: warning: argument 'int' of command @param is not found in the argument list of Vertice::pegaPesoAresta(int id)
/home/daniel/git/2015-2_parte_1/Grafo.cpp:1329: warning: The following parameters of Vertice::pegaPesoAresta(int id) are not documented:
  parameter 'id'
/home/daniel/git/2015-2_parte_1/Grafo.cpp:1344: warning: argument 'int' of command @param is not found in the argument list of Vertice::removeAresta(int id)
/home/daniel/git/2015-2_parte_1/Grafo.cpp:1344: warning: The following parameters of Vertice::removeAresta(int id) are not documented:
  parameter 'id'
